<?xml version="1.0" encoding="UTF-8"?>
<!-- Generated by org.testng.reporters.JUnitReportReporter -->
<testsuite hostname="DESKTOP-BBK2FB8" failures="0" tests="1" name="com.jen.Jenkins" time="3.636" errors="0" timestamp="2023-02-08T17:45:56 IST" skipped="0">
  <testcase classname="com.jen.Jenkins" name="report" time="3.636"/>
  <system-out/>
</testsuite> <!-- com.jen.Jenkins -->
